Build started 14/04/2014 1:45:51 PM.
     1>Project "C:\George Brown\Multimedia Systems Development\ShuffleBoard\Engine\Advanced2D\Advanced2D.vcxproj" on node 2 (Build target(s)).
     1>Lib:
         C:\Program Files (x86)\Microsoft Visual Studio 11.0\VC\bin\Lib.exe /OUT:"C:\George Brown\Multimedia Systems Development\ShuffleBoard\MeshEntityDemo\MeshEntityDemo\..\..\Engine\lib\debug\Advanced2D.lib" fmodL_vc.lib /LIBPATH:"C:\Program Files (x86)\FMOD SoundSystem\FMOD Studio API Windows\api\lowlevel\lib" /NOLOGO Debug\Advanced2D.obj
         Debug\Audio.obj
         Debug\Camera.obj
         Debug\common.obj
         Debug\common_platform.obj
         Debug\Entity.obj
         Debug\Input.obj
         Debug\Light.obj
         Debug\Mesh.obj
         Debug\ParticleEmitter.obj
         Debug\Sprite.obj
         Debug\Texture.obj
         Debug\Timer.obj
         Debug\Vector3.obj
         Debug\Video.obj
         Debug\winmain.obj
         Advanced2D.vcxproj -> C:\George Brown\Multimedia Systems Development\ShuffleBoard\MeshEntityDemo\MeshEntityDemo\..\..\Engine\lib\debug\Advanced2D.lib
     1>Done Building Project "C:\George Brown\Multimedia Systems Development\ShuffleBoard\Engine\Advanced2D\Advanced2D.vcxproj" (Build target(s)).

Build succeeded.

Time Elapsed 00:00:00.25
