C:\USERS\JOSH\DROPBOX\GBC\SEMESTER 4\GAME2002\SHUFFLEBOARD\ENGINE\ADVANCED2D\DEBUG\ADVANCED2D.OBJ
C:\USERS\JOSH\DROPBOX\GBC\SEMESTER 4\GAME2002\SHUFFLEBOARD\ENGINE\ADVANCED2D\DEBUG\AUDIO.OBJ
C:\USERS\JOSH\DROPBOX\GBC\SEMESTER 4\GAME2002\SHUFFLEBOARD\ENGINE\ADVANCED2D\DEBUG\CAMERA.OBJ
C:\USERS\JOSH\DROPBOX\GBC\SEMESTER 4\GAME2002\SHUFFLEBOARD\ENGINE\ADVANCED2D\DEBUG\ENTITY.OBJ
C:\USERS\JOSH\DROPBOX\GBC\SEMESTER 4\GAME2002\SHUFFLEBOARD\ENGINE\ADVANCED2D\DEBUG\INPUT.OBJ
C:\USERS\JOSH\DROPBOX\GBC\SEMESTER 4\GAME2002\SHUFFLEBOARD\ENGINE\ADVANCED2D\DEBUG\LIGHT.OBJ
C:\USERS\JOSH\DROPBOX\GBC\SEMESTER 4\GAME2002\SHUFFLEBOARD\ENGINE\ADVANCED2D\DEBUG\MESH.OBJ
C:\USERS\JOSH\DROPBOX\GBC\SEMESTER 4\GAME2002\SHUFFLEBOARD\ENGINE\ADVANCED2D\DEBUG\PARTICLEEMITTER.OBJ
C:\USERS\JOSH\DROPBOX\GBC\SEMESTER 4\GAME2002\SHUFFLEBOARD\ENGINE\ADVANCED2D\DEBUG\SPRITE.OBJ
C:\USERS\JOSH\DROPBOX\GBC\SEMESTER 4\GAME2002\SHUFFLEBOARD\ENGINE\ADVANCED2D\DEBUG\TEXTURE.OBJ
C:\USERS\JOSH\DROPBOX\GBC\SEMESTER 4\GAME2002\SHUFFLEBOARD\ENGINE\ADVANCED2D\DEBUG\TIMER.OBJ
C:\USERS\JOSH\DROPBOX\GBC\SEMESTER 4\GAME2002\SHUFFLEBOARD\ENGINE\ADVANCED2D\DEBUG\VECTOR3.OBJ
C:\USERS\JOSH\DROPBOX\GBC\SEMESTER 4\GAME2002\SHUFFLEBOARD\ENGINE\ADVANCED2D\DEBUG\VIDEO.OBJ
C:\USERS\JOSH\DROPBOX\GBC\SEMESTER 4\GAME2002\SHUFFLEBOARD\ENGINE\ADVANCED2D\DEBUG\WINMAIN.OBJ
C:\USERS\JOSH\DROPBOX\GBC\SEMESTER 4\GAME2002\SHUFFLEBOARD\ENGINE\ADVANCED2D\DEBUG\VC110.PDB
C:\USERS\JOSH\DROPBOX\GBC\SEMESTER 4\GAME2002\SHUFFLEBOARD\ENGINE\LIB\DEBUG\ADVANCED2D.LIB
C:\Users\Josh\Dropbox\GBC\Semester 4\GAME2002\ShuffleBoard\Engine\Advanced2D\Debug\Advanced2D.obj
C:\Users\Josh\Dropbox\GBC\Semester 4\GAME2002\ShuffleBoard\Engine\Advanced2D\Debug\Audio.obj
C:\Users\Josh\Dropbox\GBC\Semester 4\GAME2002\ShuffleBoard\Engine\Advanced2D\Debug\Camera.obj
C:\Users\Josh\Dropbox\GBC\Semester 4\GAME2002\ShuffleBoard\Engine\Advanced2D\Debug\Entity.obj
C:\Users\Josh\Dropbox\GBC\Semester 4\GAME2002\ShuffleBoard\Engine\Advanced2D\Debug\Input.obj
C:\Users\Josh\Dropbox\GBC\Semester 4\GAME2002\ShuffleBoard\Engine\Advanced2D\Debug\Light.obj
C:\Users\Josh\Dropbox\GBC\Semester 4\GAME2002\ShuffleBoard\Engine\Advanced2D\Debug\Mesh.obj
C:\Users\Josh\Dropbox\GBC\Semester 4\GAME2002\ShuffleBoard\Engine\Advanced2D\Debug\ParticleEmitter.obj
C:\Users\Josh\Dropbox\GBC\Semester 4\GAME2002\ShuffleBoard\Engine\Advanced2D\Debug\Sprite.obj
C:\Users\Josh\Dropbox\GBC\Semester 4\GAME2002\ShuffleBoard\Engine\Advanced2D\Debug\Texture.obj
C:\Users\Josh\Dropbox\GBC\Semester 4\GAME2002\ShuffleBoard\Engine\Advanced2D\Debug\Timer.obj
C:\Users\Josh\Dropbox\GBC\Semester 4\GAME2002\ShuffleBoard\Engine\Advanced2D\Debug\Vector3.obj
C:\Users\Josh\Dropbox\GBC\Semester 4\GAME2002\ShuffleBoard\Engine\Advanced2D\Debug\Video.obj
C:\Users\Josh\Dropbox\GBC\Semester 4\GAME2002\ShuffleBoard\Engine\Advanced2D\Debug\winmain.obj
C:\Users\Josh\Dropbox\GBC\Semester 4\GAME2002\ShuffleBoard\Engine\Advanced2D\Debug\cl.command.1.tlog
C:\Users\Josh\Dropbox\GBC\Semester 4\GAME2002\ShuffleBoard\Engine\Advanced2D\Debug\CL.read.1.tlog
C:\Users\Josh\Dropbox\GBC\Semester 4\GAME2002\ShuffleBoard\Engine\Advanced2D\Debug\CL.write.1.tlog
C:\Users\Josh\Dropbox\GBC\Semester 4\GAME2002\ShuffleBoard\Engine\Advanced2D\Debug\Lib-link.read.1.tlog
C:\Users\Josh\Dropbox\GBC\Semester 4\GAME2002\ShuffleBoard\Engine\Advanced2D\Debug\Lib-link.write.1.tlog
C:\Users\Josh\Dropbox\GBC\Semester 4\GAME2002\ShuffleBoard\Engine\Advanced2D\Debug\lib.command.1.tlog
C:\Users\Josh\Dropbox\GBC\Semester 4\GAME2002\ShuffleBoard\Engine\Advanced2D\Debug\vc110.idb
C:\Users\Josh\Dropbox\GBC\Semester 4\GAME2002\ShuffleBoard\Engine\Advanced2D\Debug\vc110.pdb
C:\Users\Josh\Dropbox\GBC\Semester 4\GAME2002\ShuffleBoard\MeshEntityDemo\MeshEntityDemo\..\..\Engine\lib\debug\Advanced2D.lib
