X:\USERS\JOSH\DOWNLOADS\SHUFFLEBOARD\SHUFFLEBOARD\MESHENTITYDEMO\MESHENTITYDEMO\DEBUG\ENDSTATE.OBJ
X:\USERS\JOSH\DOWNLOADS\SHUFFLEBOARD\SHUFFLEBOARD\MESHENTITYDEMO\MESHENTITYDEMO\DEBUG\GAME.OBJ
X:\USERS\JOSH\DOWNLOADS\SHUFFLEBOARD\SHUFFLEBOARD\MESHENTITYDEMO\MESHENTITYDEMO\DEBUG\GAMEENGINE.OBJ
X:\USERS\JOSH\DOWNLOADS\SHUFFLEBOARD\SHUFFLEBOARD\MESHENTITYDEMO\MESHENTITYDEMO\DEBUG\GAMEOBJECT.OBJ
X:\USERS\JOSH\DOWNLOADS\SHUFFLEBOARD\SHUFFLEBOARD\MESHENTITYDEMO\MESHENTITYDEMO\DEBUG\GAMEPHYSICS.OBJ
X:\USERS\JOSH\DOWNLOADS\SHUFFLEBOARD\SHUFFLEBOARD\MESHENTITYDEMO\MESHENTITYDEMO\DEBUG\MAIN.OBJ
X:\USERS\JOSH\DOWNLOADS\SHUFFLEBOARD\SHUFFLEBOARD\MESHENTITYDEMO\MESHENTITYDEMO\DEBUG\MENUSTATE.OBJ
X:\USERS\JOSH\DOWNLOADS\SHUFFLEBOARD\SHUFFLEBOARD\MESHENTITYDEMO\MESHENTITYDEMO\DEBUG\PAUSESTATE.OBJ
X:\USERS\JOSH\DOWNLOADS\SHUFFLEBOARD\SHUFFLEBOARD\MESHENTITYDEMO\MESHENTITYDEMO\DEBUG\PLAYSTATE.OBJ
X:\USERS\JOSH\DOWNLOADS\SHUFFLEBOARD\SHUFFLEBOARD\MESHENTITYDEMO\MESHENTITYDEMO\DEBUG\VC110.PDB
X:\USERS\JOSH\DOWNLOADS\SHUFFLEBOARD\SHUFFLEBOARD\MESHENTITYDEMO\BIN\MESHENTITYDEMO_DEBUG.ILK
X:\USERS\JOSH\DOWNLOADS\SHUFFLEBOARD\SHUFFLEBOARD\MESHENTITYDEMO\BIN\MESHENTITYDEMO_DEBUG.EXE
X:\USERS\JOSH\DOWNLOADS\SHUFFLEBOARD\SHUFFLEBOARD\MESHENTITYDEMO\BIN\MESHENTITYDEMO_DEBUG.PDB
X:\Users\Josh\Downloads\ShuffleBoard\ShuffleBoard\MeshEntityDemo\MeshEntityDemo\Debug\EndState.obj
X:\Users\Josh\Downloads\ShuffleBoard\ShuffleBoard\MeshEntityDemo\MeshEntityDemo\Debug\Game.obj
X:\Users\Josh\Downloads\ShuffleBoard\ShuffleBoard\MeshEntityDemo\MeshEntityDemo\Debug\GameEngine.obj
X:\Users\Josh\Downloads\ShuffleBoard\ShuffleBoard\MeshEntityDemo\MeshEntityDemo\Debug\GameObject.obj
X:\Users\Josh\Downloads\ShuffleBoard\ShuffleBoard\MeshEntityDemo\MeshEntityDemo\Debug\GamePhysics.obj
X:\Users\Josh\Downloads\ShuffleBoard\ShuffleBoard\MeshEntityDemo\MeshEntityDemo\Debug\main.obj
X:\Users\Josh\Downloads\ShuffleBoard\ShuffleBoard\MeshEntityDemo\MeshEntityDemo\Debug\MenuState.obj
X:\Users\Josh\Downloads\ShuffleBoard\ShuffleBoard\MeshEntityDemo\MeshEntityDemo\Debug\PauseState.obj
X:\Users\Josh\Downloads\ShuffleBoard\ShuffleBoard\MeshEntityDemo\MeshEntityDemo\Debug\PlayState.obj
X:\Users\Josh\Downloads\ShuffleBoard\ShuffleBoard\MeshEntityDemo\MeshEntityDemo\Debug\cl.command.1.tlog
X:\Users\Josh\Downloads\ShuffleBoard\ShuffleBoard\MeshEntityDemo\MeshEntityDemo\Debug\CL.read.1.tlog
X:\Users\Josh\Downloads\ShuffleBoard\ShuffleBoard\MeshEntityDemo\MeshEntityDemo\Debug\CL.write.1.tlog
X:\Users\Josh\Downloads\ShuffleBoard\ShuffleBoard\MeshEntityDemo\MeshEntityDemo\Debug\link-cvtres.read.1.tlog
X:\Users\Josh\Downloads\ShuffleBoard\ShuffleBoard\MeshEntityDemo\MeshEntityDemo\Debug\link-cvtres.write.1.tlog
X:\Users\Josh\Downloads\ShuffleBoard\ShuffleBoard\MeshEntityDemo\MeshEntityDemo\Debug\link-rc.read.1.tlog
X:\Users\Josh\Downloads\ShuffleBoard\ShuffleBoard\MeshEntityDemo\MeshEntityDemo\Debug\link-rc.write.1.tlog
X:\Users\Josh\Downloads\ShuffleBoard\ShuffleBoard\MeshEntityDemo\MeshEntityDemo\Debug\link.13048-cvtres.read.1.tlog
X:\Users\Josh\Downloads\ShuffleBoard\ShuffleBoard\MeshEntityDemo\MeshEntityDemo\Debug\link.13048-cvtres.write.1.tlog
X:\Users\Josh\Downloads\ShuffleBoard\ShuffleBoard\MeshEntityDemo\MeshEntityDemo\Debug\link.13048-rc.read.1.tlog
X:\Users\Josh\Downloads\ShuffleBoard\ShuffleBoard\MeshEntityDemo\MeshEntityDemo\Debug\link.13048-rc.write.1.tlog
X:\Users\Josh\Downloads\ShuffleBoard\ShuffleBoard\MeshEntityDemo\MeshEntityDemo\Debug\link.13048.read.1.tlog
X:\Users\Josh\Downloads\ShuffleBoard\ShuffleBoard\MeshEntityDemo\MeshEntityDemo\Debug\link.13048.write.1.tlog
X:\Users\Josh\Downloads\ShuffleBoard\ShuffleBoard\MeshEntityDemo\MeshEntityDemo\Debug\link.2492-cvtres.read.1.tlog
X:\Users\Josh\Downloads\ShuffleBoard\ShuffleBoard\MeshEntityDemo\MeshEntityDemo\Debug\link.2492-cvtres.write.1.tlog
X:\Users\Josh\Downloads\ShuffleBoard\ShuffleBoard\MeshEntityDemo\MeshEntityDemo\Debug\link.2492-rc.read.1.tlog
X:\Users\Josh\Downloads\ShuffleBoard\ShuffleBoard\MeshEntityDemo\MeshEntityDemo\Debug\link.2492-rc.write.1.tlog
X:\Users\Josh\Downloads\ShuffleBoard\ShuffleBoard\MeshEntityDemo\MeshEntityDemo\Debug\link.2492.read.1.tlog
X:\Users\Josh\Downloads\ShuffleBoard\ShuffleBoard\MeshEntityDemo\MeshEntityDemo\Debug\link.2492.write.1.tlog
X:\Users\Josh\Downloads\ShuffleBoard\ShuffleBoard\MeshEntityDemo\MeshEntityDemo\Debug\link.5312-cvtres.read.1.tlog
X:\Users\Josh\Downloads\ShuffleBoard\ShuffleBoard\MeshEntityDemo\MeshEntityDemo\Debug\link.5312-cvtres.write.1.tlog
X:\Users\Josh\Downloads\ShuffleBoard\ShuffleBoard\MeshEntityDemo\MeshEntityDemo\Debug\link.5312-rc.read.1.tlog
X:\Users\Josh\Downloads\ShuffleBoard\ShuffleBoard\MeshEntityDemo\MeshEntityDemo\Debug\link.5312-rc.write.1.tlog
X:\Users\Josh\Downloads\ShuffleBoard\ShuffleBoard\MeshEntityDemo\MeshEntityDemo\Debug\link.5312.read.1.tlog
X:\Users\Josh\Downloads\ShuffleBoard\ShuffleBoard\MeshEntityDemo\MeshEntityDemo\Debug\link.5312.write.1.tlog
X:\Users\Josh\Downloads\ShuffleBoard\ShuffleBoard\MeshEntityDemo\MeshEntityDemo\Debug\link.6948-cvtres.read.1.tlog
X:\Users\Josh\Downloads\ShuffleBoard\ShuffleBoard\MeshEntityDemo\MeshEntityDemo\Debug\link.6948-cvtres.write.1.tlog
X:\Users\Josh\Downloads\ShuffleBoard\ShuffleBoard\MeshEntityDemo\MeshEntityDemo\Debug\link.6948-rc.read.1.tlog
X:\Users\Josh\Downloads\ShuffleBoard\ShuffleBoard\MeshEntityDemo\MeshEntityDemo\Debug\link.6948-rc.write.1.tlog
X:\Users\Josh\Downloads\ShuffleBoard\ShuffleBoard\MeshEntityDemo\MeshEntityDemo\Debug\link.6948.read.1.tlog
X:\Users\Josh\Downloads\ShuffleBoard\ShuffleBoard\MeshEntityDemo\MeshEntityDemo\Debug\link.6948.write.1.tlog
X:\Users\Josh\Downloads\ShuffleBoard\ShuffleBoard\MeshEntityDemo\MeshEntityDemo\Debug\link.7772-cvtres.read.1.tlog
X:\Users\Josh\Downloads\ShuffleBoard\ShuffleBoard\MeshEntityDemo\MeshEntityDemo\Debug\link.7772-cvtres.write.1.tlog
X:\Users\Josh\Downloads\ShuffleBoard\ShuffleBoard\MeshEntityDemo\MeshEntityDemo\Debug\link.7772-rc.read.1.tlog
X:\Users\Josh\Downloads\ShuffleBoard\ShuffleBoard\MeshEntityDemo\MeshEntityDemo\Debug\link.7772-rc.write.1.tlog
X:\Users\Josh\Downloads\ShuffleBoard\ShuffleBoard\MeshEntityDemo\MeshEntityDemo\Debug\link.7772.read.1.tlog
X:\Users\Josh\Downloads\ShuffleBoard\ShuffleBoard\MeshEntityDemo\MeshEntityDemo\Debug\link.7772.write.1.tlog
X:\Users\Josh\Downloads\ShuffleBoard\ShuffleBoard\MeshEntityDemo\MeshEntityDemo\Debug\link.7820-cvtres.read.1.tlog
X:\Users\Josh\Downloads\ShuffleBoard\ShuffleBoard\MeshEntityDemo\MeshEntityDemo\Debug\link.7820-cvtres.write.1.tlog
X:\Users\Josh\Downloads\ShuffleBoard\ShuffleBoard\MeshEntityDemo\MeshEntityDemo\Debug\link.7820-rc.read.1.tlog
X:\Users\Josh\Downloads\ShuffleBoard\ShuffleBoard\MeshEntityDemo\MeshEntityDemo\Debug\link.7820-rc.write.1.tlog
X:\Users\Josh\Downloads\ShuffleBoard\ShuffleBoard\MeshEntityDemo\MeshEntityDemo\Debug\link.7820.read.1.tlog
X:\Users\Josh\Downloads\ShuffleBoard\ShuffleBoard\MeshEntityDemo\MeshEntityDemo\Debug\link.7820.write.1.tlog
X:\Users\Josh\Downloads\ShuffleBoard\ShuffleBoard\MeshEntityDemo\MeshEntityDemo\Debug\link.908-cvtres.read.1.tlog
X:\Users\Josh\Downloads\ShuffleBoard\ShuffleBoard\MeshEntityDemo\MeshEntityDemo\Debug\link.908-cvtres.write.1.tlog
X:\Users\Josh\Downloads\ShuffleBoard\ShuffleBoard\MeshEntityDemo\MeshEntityDemo\Debug\link.908-rc.read.1.tlog
X:\Users\Josh\Downloads\ShuffleBoard\ShuffleBoard\MeshEntityDemo\MeshEntityDemo\Debug\link.908-rc.write.1.tlog
X:\Users\Josh\Downloads\ShuffleBoard\ShuffleBoard\MeshEntityDemo\MeshEntityDemo\Debug\link.908.read.1.tlog
X:\Users\Josh\Downloads\ShuffleBoard\ShuffleBoard\MeshEntityDemo\MeshEntityDemo\Debug\link.908.write.1.tlog
X:\Users\Josh\Downloads\ShuffleBoard\ShuffleBoard\MeshEntityDemo\MeshEntityDemo\Debug\link.command.1.tlog
X:\Users\Josh\Downloads\ShuffleBoard\ShuffleBoard\MeshEntityDemo\MeshEntityDemo\Debug\link.read.1.tlog
X:\Users\Josh\Downloads\ShuffleBoard\ShuffleBoard\MeshEntityDemo\MeshEntityDemo\Debug\link.read.2.tlog
X:\Users\Josh\Downloads\ShuffleBoard\ShuffleBoard\MeshEntityDemo\MeshEntityDemo\Debug\link.write.1.tlog
X:\Users\Josh\Downloads\ShuffleBoard\ShuffleBoard\MeshEntityDemo\MeshEntityDemo\Debug\vc110.idb
X:\Users\Josh\Downloads\ShuffleBoard\ShuffleBoard\MeshEntityDemo\MeshEntityDemo\Debug\vc110.pdb
X:\Users\Josh\Downloads\ShuffleBoard\ShuffleBoard\MeshEntityDemo\MeshEntityDemo\..\bin\MeshEntityDemo_debug.pdb
X:\Users\Josh\Downloads\ShuffleBoard\ShuffleBoard\MeshEntityDemo\MeshEntityDemo\..\bin\MeshEntityDemo_debug.exe
X:\Users\Josh\Downloads\ShuffleBoard\ShuffleBoard\MeshEntityDemo\MeshEntityDemo\..\bin\MeshEntityDemo_debug.ilk
