C:\GEORGE BROWN\MULTIMEDIA SYSTEMS DEVELOPMENT\MESHDEMO\ENGINE\ADVANCED2D\RELEASE\WINMAIN.OBJ
C:\GEORGE BROWN\MULTIMEDIA SYSTEMS DEVELOPMENT\MESHDEMO\ENGINE\ADVANCED2D\RELEASE\VIDEO.OBJ
C:\GEORGE BROWN\MULTIMEDIA SYSTEMS DEVELOPMENT\MESHDEMO\ENGINE\ADVANCED2D\RELEASE\VECTOR3.OBJ
C:\GEORGE BROWN\MULTIMEDIA SYSTEMS DEVELOPMENT\MESHDEMO\ENGINE\ADVANCED2D\RELEASE\TIMER.OBJ
C:\GEORGE BROWN\MULTIMEDIA SYSTEMS DEVELOPMENT\MESHDEMO\ENGINE\ADVANCED2D\RELEASE\TEXTURE.OBJ
C:\GEORGE BROWN\MULTIMEDIA SYSTEMS DEVELOPMENT\MESHDEMO\ENGINE\ADVANCED2D\RELEASE\SPRITE.OBJ
C:\GEORGE BROWN\MULTIMEDIA SYSTEMS DEVELOPMENT\MESHDEMO\ENGINE\ADVANCED2D\RELEASE\PARTICLEEMITTER.OBJ
C:\GEORGE BROWN\MULTIMEDIA SYSTEMS DEVELOPMENT\MESHDEMO\ENGINE\ADVANCED2D\RELEASE\MESH.OBJ
C:\GEORGE BROWN\MULTIMEDIA SYSTEMS DEVELOPMENT\MESHDEMO\ENGINE\ADVANCED2D\RELEASE\LIGHT.OBJ
C:\GEORGE BROWN\MULTIMEDIA SYSTEMS DEVELOPMENT\MESHDEMO\ENGINE\ADVANCED2D\RELEASE\INPUT.OBJ
C:\GEORGE BROWN\MULTIMEDIA SYSTEMS DEVELOPMENT\MESHDEMO\ENGINE\ADVANCED2D\RELEASE\ENTITY.OBJ
C:\GEORGE BROWN\MULTIMEDIA SYSTEMS DEVELOPMENT\MESHDEMO\ENGINE\ADVANCED2D\RELEASE\CAMERA.OBJ
C:\GEORGE BROWN\MULTIMEDIA SYSTEMS DEVELOPMENT\MESHDEMO\ENGINE\ADVANCED2D\RELEASE\AUDIO.OBJ
C:\GEORGE BROWN\MULTIMEDIA SYSTEMS DEVELOPMENT\MESHDEMO\ENGINE\ADVANCED2D\RELEASE\ADVANCED2D.OBJ
C:\GEORGE BROWN\MULTIMEDIA SYSTEMS DEVELOPMENT\MESHDEMO\ENGINE\ADVANCED2D\RELEASE\VC110.PDB
C:\GEORGE BROWN\MULTIMEDIA SYSTEMS DEVELOPMENT\MESHDEMO\ENGINE\LIB\ADVANCED2D.LIB
C:\George Brown\Multimedia Systems Development\MeshDemo\Engine\Advanced2D\Release\Advanced2D.obj
C:\George Brown\Multimedia Systems Development\MeshDemo\Engine\Advanced2D\Release\Audio.obj
C:\George Brown\Multimedia Systems Development\MeshDemo\Engine\Advanced2D\Release\Camera.obj
C:\George Brown\Multimedia Systems Development\MeshDemo\Engine\Advanced2D\Release\Entity.obj
C:\George Brown\Multimedia Systems Development\MeshDemo\Engine\Advanced2D\Release\Input.obj
C:\George Brown\Multimedia Systems Development\MeshDemo\Engine\Advanced2D\Release\Light.obj
C:\George Brown\Multimedia Systems Development\MeshDemo\Engine\Advanced2D\Release\Mesh.obj
C:\George Brown\Multimedia Systems Development\MeshDemo\Engine\Advanced2D\Release\ParticleEmitter.obj
C:\George Brown\Multimedia Systems Development\MeshDemo\Engine\Advanced2D\Release\Sprite.obj
C:\George Brown\Multimedia Systems Development\MeshDemo\Engine\Advanced2D\Release\Texture.obj
C:\George Brown\Multimedia Systems Development\MeshDemo\Engine\Advanced2D\Release\Timer.obj
C:\George Brown\Multimedia Systems Development\MeshDemo\Engine\Advanced2D\Release\Vector3.obj
C:\George Brown\Multimedia Systems Development\MeshDemo\Engine\Advanced2D\Release\Video.obj
C:\George Brown\Multimedia Systems Development\MeshDemo\Engine\Advanced2D\Release\winmain.obj
C:\George Brown\Multimedia Systems Development\MeshDemo\Engine\Advanced2D\Release\cl.command.1.tlog
C:\George Brown\Multimedia Systems Development\MeshDemo\Engine\Advanced2D\Release\CL.read.1.tlog
C:\George Brown\Multimedia Systems Development\MeshDemo\Engine\Advanced2D\Release\CL.write.1.tlog
C:\George Brown\Multimedia Systems Development\MeshDemo\Engine\Advanced2D\Release\Lib-link.read.1.tlog
C:\George Brown\Multimedia Systems Development\MeshDemo\Engine\Advanced2D\Release\Lib-link.write.1.tlog
C:\George Brown\Multimedia Systems Development\MeshDemo\Engine\Advanced2D\Release\lib.command.1.tlog
C:\George Brown\Multimedia Systems Development\MeshDemo\Engine\Advanced2D\Release\vc110.pdb
C:\George Brown\Multimedia Systems Development\MeshDemo\Engine\Advanced2D\..\lib\Advanced2D.lib
