Build started 11/04/2014 7:20:46 PM.
     1>Project "C:\George Brown\Multimedia Systems Development\ShuffleBoard\Engine\Advanced2D\Advanced2D.vcxproj" on node 2 (Build target(s)).
     1>ClCompile:
         C:\Program Files (x86)\Microsoft Visual Studio 11.0\VC\bin\CL.exe /c /Zi /nologo /W3 /WX- /O2 /Oi /Oy- /GL /D WIN32 /D NDEBUG /D _LIB /D _NOAUDIO /D _MBCS /Gm- /EHsc /MD /GS /Gy /fp:precise /Zc:wchar_t /Zc:forScope /Fo"Release\\" /Fd"Release\vc110.pdb" /Gd /TP /analyze- /errorReport:prompt ..\Advanced2D.cpp ..\Audio.cpp ..\Camera.cpp ..\Entity.cpp ..\Input.cpp ..\Light.cpp ..\Mesh.cpp ..\ParticleEmitter.cpp ..\Sprite.cpp ..\Texture.cpp ..\Timer.cpp ..\Vector3.cpp ..\Video.cpp ..\winmain.cpp
         Advanced2D.cpp
         Audio.cpp
         Camera.cpp
         Entity.cpp
         Input.cpp
     1>..\Input.cpp(210): warning C4800: 'int' : forcing value to bool 'true' or 'false' (performance warning)
         Light.cpp
         Mesh.cpp
         ParticleEmitter.cpp
         Sprite.cpp
         Texture.cpp
         Timer.cpp
         Vector3.cpp
         Video.cpp
         winmain.cpp
     1>..\winmain.cpp(54): warning C4996: 'sprintf': This function or variable may be unsafe. Consider using sprintf_s instead. To disable deprecation, use _CRT_SECURE_NO_WARNINGS. See online help for details.
                 C:\Program Files (x86)\Microsoft Visual Studio 11.0\VC\include\stdio.h(357) : see declaration of 'sprintf'
       Lib:
         C:\Program Files (x86)\Microsoft Visual Studio 11.0\VC\bin\Lib.exe /OUT:"C:\George Brown\Multimedia Systems Development\ShuffleBoard\MeshEntityDemo\MeshEntityDemo\..\lib\Advanced2D.lib" /NOLOGO /LTCG Release\Advanced2D.obj
         Release\Audio.obj
         Release\Camera.obj
         Release\Entity.obj
         Release\Input.obj
         Release\Light.obj
         Release\Mesh.obj
         Release\ParticleEmitter.obj
         Release\Sprite.obj
         Release\Texture.obj
         Release\Timer.obj
         Release\Vector3.obj
         Release\Video.obj
         Release\winmain.obj
         Advanced2D.vcxproj -> C:\George Brown\Multimedia Systems Development\ShuffleBoard\MeshEntityDemo\MeshEntityDemo\..\lib\Advanced2D.lib
     1>Done Building Project "C:\George Brown\Multimedia Systems Development\ShuffleBoard\Engine\Advanced2D\Advanced2D.vcxproj" (Build target(s)).

Build succeeded.

Time Elapsed 00:00:16.31
